d:\unreal\unreal_iocp_topview\asioserver\asioserver\x64\debug\vc143.pdb
d:\unreal\unreal_iocp_topview\asioserver\asioserver\x64\debug\vc143.idb
d:\unreal\unreal_iocp_topview\asioserver\asioserver\x64\debug\session.obj
d:\unreal\unreal_iocp_topview\asioserver\asioserver\x64\debug\sendbuffer.obj
d:\unreal\unreal_iocp_topview\asioserver\asioserver\x64\debug\recvbuffer.obj
d:\unreal\unreal_iocp_topview\asioserver\asioserver\x64\debug\main.obj
d:\unreal\unreal_iocp_topview\asioserver\asioserver\x64\debug\asioserver.obj
d:\unreal\unreal_iocp_topview\asioserver\asioserver\x64\debug\asioserver.pch
d:\unreal\unreal_iocp_topview\asioserver\asioserver\x64\debug\pch.obj
d:\unreal\unreal_iocp_topview\asioserver\asioserver\x64\debug\serverpackethandler.obj
d:\unreal\unreal_iocp_topview\asioserver\asioserver\x64\debug\asioserver.ilk
d:\unreal\unreal_iocp_topview\asioserver\x64\debug\asioserver.exe
d:\unreal\unreal_iocp_topview\asioserver\x64\debug\asioserver.pdb
d:\unreal\unreal_iocp_topview\asioserver\asioserver\x64\debug\asioserver.tlog\cl.command.1.tlog
d:\unreal\unreal_iocp_topview\asioserver\asioserver\x64\debug\asioserver.tlog\cl.items.tlog
d:\unreal\unreal_iocp_topview\asioserver\asioserver\x64\debug\asioserver.tlog\cl.read.1.tlog
d:\unreal\unreal_iocp_topview\asioserver\asioserver\x64\debug\asioserver.tlog\cl.write.1.tlog
d:\unreal\unreal_iocp_topview\asioserver\asioserver\x64\debug\asioserver.tlog\link.12320.read.1.tlog
d:\unreal\unreal_iocp_topview\asioserver\asioserver\x64\debug\asioserver.tlog\link.12320.read.2.tlog
d:\unreal\unreal_iocp_topview\asioserver\asioserver\x64\debug\asioserver.tlog\link.12320.write.1.tlog
d:\unreal\unreal_iocp_topview\asioserver\asioserver\x64\debug\asioserver.tlog\link.command.1.tlog
d:\unreal\unreal_iocp_topview\asioserver\asioserver\x64\debug\asioserver.tlog\link.read.1.tlog
d:\unreal\unreal_iocp_topview\asioserver\asioserver\x64\debug\asioserver.tlog\link.write.1.tlog
