  pch.cpp
D:\unreal\Unreal_IOCP_TopView\AsioServer\boost_1_84_0\boost\bind.hpp(41): message : The practice of declaring the Bind placeholders (_1, _2, ...) in the global namespace is deprecated. Please use <boost/bind/bind.hpp> + using namespace boost::placeholders, or define BOOST_BIND_GLOBAL_PLACEHOLDERS to retain the current behavior.
  Please define _WIN32_WINNT or _WIN32_WINDOWS appropriately. For example:
  - add -D_WIN32_WINNT=0x0601 to the compiler command line; or
  - add _WIN32_WINNT=0x0601 to your project's Preprocessor Definitions.
  Assuming _WIN32_WINNT=0x0601 (i.e. Windows 7 target).
  AsioClient.cpp
D:\unreal\Unreal_IOCP_TopView\AsioServer\AsioClient\AsioClient.h(13,63): warning C4267: 'return': 'size_t'에서 'int32'(으)로 변환하면서 데이터가 손실될 수 있습니다.
  ClientPacketHandler.cpp
D:\unreal\Unreal_IOCP_TopView\AsioServer\AsioClient\AsioClient.h(13,63): warning C4267: 'return': 'size_t'에서 'int32'(으)로 변환하면서 데이터가 손실될 수 있습니다.
  main.cpp
D:\unreal\Unreal_IOCP_TopView\AsioServer\AsioClient\AsioClient.h(13,63): warning C4267: 'return': 'size_t'에서 'int32'(으)로 변환하면서 데이터가 손실될 수 있습니다.
  RecvBuffer.cpp
  SendBuffer.cpp
  Session.cpp
  Protocol.pb.cc
  코드를 생성하고 있습니다.
  1330 of 2690 functions (49.4%) were compiled, the rest were copied from previous compilation.
    846 functions were new in current compilation
    69 functions had inline decision re-evaluated but remain unchanged
  코드를 생성했습니다.
  AsioClient.vcxproj -> D:\unreal\Unreal_IOCP_TopView\AsioServer\x64\Release\AsioClient.exe
