d:\unreal\server_unreal\mmorpg2\server\x64\debug\server.pch
d:\unreal\server_unreal\mmorpg2\server\x64\debug\vc143.pdb
d:\unreal\server_unreal\mmorpg2\server\x64\debug\vc143.idb
d:\unreal\server_unreal\mmorpg2\server\x64\debug\pch.obj
d:\unreal\server_unreal\mmorpg2\server\x64\debug\serverpackethandler.obj
d:\unreal\server_unreal\mmorpg2\server\x64\debug\server.obj
d:\unreal\server_unreal\mmorpg2\server\x64\debug\player.obj
d:\unreal\server_unreal\mmorpg2\server\x64\debug\monster.obj
d:\unreal\server_unreal\mmorpg2\server\x64\debug\gamesessionmanager.obj
d:\unreal\server_unreal\mmorpg2\server\x64\debug\gamesession.obj
d:\unreal\server_unreal\mmorpg2\server\x64\debug\gameobject.obj
d:\unreal\server_unreal\mmorpg2\server\x64\debug\creature.obj
d:\unreal\server_unreal\mmorpg2\server\x64\debug\gameroom.obj
d:\unreal\server_unreal\mmorpg2\server\x64\debug\protocol.pb.obj
d:\unreal\server_unreal\mmorpg2\server\binaries\x64\server.exe
d:\unreal\server_unreal\mmorpg2\server\x64\debug\server.ilk
d:\unreal\server_unreal\mmorpg2\server\binaries\x64\server.pdb
d:\unreal\server_unreal\mmorpg2\server\x64\debug\server.tlog\cl.command.1.tlog
d:\unreal\server_unreal\mmorpg2\server\x64\debug\server.tlog\cl.items.tlog
d:\unreal\server_unreal\mmorpg2\server\x64\debug\server.tlog\cl.read.1.tlog
d:\unreal\server_unreal\mmorpg2\server\x64\debug\server.tlog\cl.write.1.tlog
d:\unreal\server_unreal\mmorpg2\server\x64\debug\server.tlog\link.command.1.tlog
d:\unreal\server_unreal\mmorpg2\server\x64\debug\server.tlog\link.read.1.tlog
d:\unreal\server_unreal\mmorpg2\server\x64\debug\server.tlog\link.write.1.tlog
