d:\unreal\unreal_iocp_topview\servercore\x64\release\servercore.pch
d:\unreal\unreal_iocp_topview\asioserver\libraries\servercore\release\servercore.pdb
d:\unreal\unreal_iocp_topview\servercore\x64\release\pch.obj
d:\unreal\unreal_iocp_topview\servercore\x64\release\threadmanager.obj
d:\unreal\unreal_iocp_topview\servercore\x64\release\socketutils.obj
d:\unreal\unreal_iocp_topview\servercore\x64\release\session.obj
d:\unreal\unreal_iocp_topview\servercore\x64\release\service.obj
d:\unreal\unreal_iocp_topview\servercore\x64\release\sendbuffer.obj
d:\unreal\unreal_iocp_topview\servercore\x64\release\recvbuffer.obj
d:\unreal\unreal_iocp_topview\servercore\x64\release\netaddress.obj
d:\unreal\unreal_iocp_topview\servercore\x64\release\listener.obj
d:\unreal\unreal_iocp_topview\servercore\x64\release\iocpevent.obj
d:\unreal\unreal_iocp_topview\servercore\x64\release\iocpcore.obj
d:\unreal\unreal_iocp_topview\servercore\x64\release\coretls.obj
d:\unreal\unreal_iocp_topview\servercore\x64\release\corepch.obj
d:\unreal\unreal_iocp_topview\servercore\x64\release\coremacro.obj
d:\unreal\unreal_iocp_topview\servercore\x64\release\coreglobal.obj
d:\unreal\unreal_iocp_topview\servercore\x64\release\bufferwriter.obj
d:\unreal\unreal_iocp_topview\servercore\x64\release\bufferreader.obj
d:\unreal\unreal_iocp_topview\asioserver\libraries\servercore\release\servercore.lib
d:\unreal\unreal_iocp_topview\servercore\x64\release\servercore.tlog\cl.command.1.tlog
d:\unreal\unreal_iocp_topview\servercore\x64\release\servercore.tlog\cl.items.tlog
d:\unreal\unreal_iocp_topview\servercore\x64\release\servercore.tlog\cl.read.1.tlog
d:\unreal\unreal_iocp_topview\servercore\x64\release\servercore.tlog\cl.write.1.tlog
d:\unreal\unreal_iocp_topview\servercore\x64\release\servercore.tlog\lib-link.read.1.tlog
d:\unreal\unreal_iocp_topview\servercore\x64\release\servercore.tlog\lib-link.write.1.tlog
d:\unreal\unreal_iocp_topview\servercore\x64\release\servercore.tlog\lib.command.1.tlog
