d:\unreal\server_unreal\mmorpg2\servercore\x64\debug\servercore.pch
d:\unreal\server_unreal\mmorpg2\server\libraries\servercore\debug\servercore.pdb
d:\unreal\server_unreal\mmorpg2\server\libraries\servercore\debug\servercore.idb
d:\unreal\server_unreal\mmorpg2\servercore\x64\debug\pch.obj
d:\unreal\server_unreal\mmorpg2\servercore\x64\debug\threadmanager.obj
d:\unreal\server_unreal\mmorpg2\servercore\x64\debug\socketutils.obj
d:\unreal\server_unreal\mmorpg2\servercore\x64\debug\session.obj
d:\unreal\server_unreal\mmorpg2\servercore\x64\debug\service.obj
d:\unreal\server_unreal\mmorpg2\servercore\x64\debug\sendbuffer.obj
d:\unreal\server_unreal\mmorpg2\servercore\x64\debug\recvbuffer.obj
d:\unreal\server_unreal\mmorpg2\servercore\x64\debug\netaddress.obj
d:\unreal\server_unreal\mmorpg2\servercore\x64\debug\listener.obj
d:\unreal\server_unreal\mmorpg2\servercore\x64\debug\iocpevent.obj
d:\unreal\server_unreal\mmorpg2\servercore\x64\debug\iocpcore.obj
d:\unreal\server_unreal\mmorpg2\servercore\x64\debug\coretls.obj
d:\unreal\server_unreal\mmorpg2\servercore\x64\debug\corepch.obj
d:\unreal\server_unreal\mmorpg2\servercore\x64\debug\coremacro.obj
d:\unreal\server_unreal\mmorpg2\servercore\x64\debug\coreglobal.obj
d:\unreal\server_unreal\mmorpg2\servercore\x64\debug\bufferwriter.obj
d:\unreal\server_unreal\mmorpg2\servercore\x64\debug\bufferreader.obj
d:\unreal\server_unreal\mmorpg2\server\libraries\servercore\debug\servercore.lib
d:\unreal\server_unreal\mmorpg2\servercore\x64\debug\servercore.tlog\cl.command.1.tlog
d:\unreal\server_unreal\mmorpg2\servercore\x64\debug\servercore.tlog\cl.items.tlog
d:\unreal\server_unreal\mmorpg2\servercore\x64\debug\servercore.tlog\cl.read.1.tlog
d:\unreal\server_unreal\mmorpg2\servercore\x64\debug\servercore.tlog\cl.write.1.tlog
d:\unreal\server_unreal\mmorpg2\servercore\x64\debug\servercore.tlog\lib-link.read.1.tlog
d:\unreal\server_unreal\mmorpg2\servercore\x64\debug\servercore.tlog\lib-link.write.1.tlog
d:\unreal\server_unreal\mmorpg2\servercore\x64\debug\servercore.tlog\lib.command.1.tlog
